<?xml version="1.0" encoding="UTF-8"?>
<!-- Generated by org.testng.reporters.JUnitXMLReporter -->
<testsuite hostname="DESKTOP-9BMLCIN" ignored="0" name="Latitude Test" tests="11" failures="1" timestamp="19 Feb 2019 09:33:35 GMT" time="921.055" errors="0">
  <testcase name="clickOnUser" time="96.324" classname="qa.TestCases.SearchUserPageTest"/>
  <testcase name="loginPageTitleTest" time="0.045" classname="qa.TestCases.LoginPageTest"/>
  <testcase name="clickOnAddPosition" time="1.819" classname="qa.TestCases.AddPositionPageTest">
    <failure type="org.testng.internal.reflect.MethodMatcherException" message="
Data provider mismatch
Method: clickOnAddPosition([Parameter{index=0, type=java.lang.String, declaredAnnotations=[]}, Parameter{index=1, type=java.lang.String, declaredAnnotations=[]}, Parameter{index=2, type=java.lang.String, declaredAnnotations=[]}, Parameter{index=3, type=java.lang.String, declaredAnnotations=[]}, Parameter{index=4, type=java.lang.String, declaredAnnotations=[]}])
Arguments: [(java.lang.String)CI055,(java.lang.String)Course,(java.lang.String)Course Instructor]">
      <![CDATA[org.testng.internal.reflect.MethodMatcherException: 
Data provider mismatch
Method: clickOnAddPosition([Parameter{index=0, type=java.lang.String, declaredAnnotations=[]}, Parameter{index=1, type=java.lang.String, declaredAnnotations=[]}, Parameter{index=2, type=java.lang.String, declaredAnnotations=[]}, Parameter{index=3, type=java.lang.String, declaredAnnotations=[]}, Parameter{index=4, type=java.lang.String, declaredAnnotations=[]}])
Arguments: [(java.lang.String)CI055,(java.lang.String)Course,(java.lang.String)Course Instructor]
... Removed 20 stack frames]]>
    </failure>
  </testcase> <!-- clickOnAddPosition -->
  <testcase name="clickOnSearchPosition" time="79.075" classname="qa.TestCases.SearchPositionPageTest"/>
  <testcase name="clickOnAdministratorLink" time="9.96" classname="qa.TestCases.HomePageTest"/>
  <testcase name="clickOnAddCourse" time="133.54" classname="qa.TestCases.AdministrationPageTest"/>
  <testcase name="clickOnAddCourse" time="65.72" classname="qa.TestCases.SearchCoursePageTest"/>
  <testcase name="clickOnAddMajor" time="91.97" classname="qa.TestCases.MajorPageTest"/>
  <testcase name="clickOnAddUser" time="115.316" classname="qa.TestCases.AddUsersPageTest"/>
  <testcase name="latitudeLMSImageTest" time="0.04" classname="qa.TestCases.LoginPageTest"/>
  <testcase name="loginTest" time="12.823" classname="qa.TestCases.LoginPageTest"/>
</testsuite> <!-- Latitude Test -->
