<html>
<head>
<title>TestNG:  Latitude Test</title>
<link href="../testng.css" rel="stylesheet" type="text/css" />
<link href="../my-testng.css" rel="stylesheet" type="text/css" />

<style type="text/css">
.log { display: none;} 
.stack-trace { display: none;} 
</style>
<script type="text/javascript">
<!--
function flip(e) {
  current = e.style.display;
  if (current == 'block') {
    e.style.display = 'none';
    return 0;
  }
  else {
    e.style.display = 'block';
    return 1;
  }
}

function toggleBox(szDivId, elem, msg1, msg2)
{
  var res = -1;  if (document.getElementById) {
    res = flip(document.getElementById(szDivId));
  }
  else if (document.all) {
    // this is the way old msie versions work
    res = flip(document.all[szDivId]);
  }
  if(elem) {
    if(res == 0) elem.innerHTML = msg1; else elem.innerHTML = msg2;
  }

}

function toggleAllBoxes() {
  if (document.getElementsByTagName) {
    d = document.getElementsByTagName('div');
    for (i = 0; i < d.length; i++) {
      if (d[i].className == 'log') {
        flip(d[i]);
      }
    }
  }
}

// -->
</script>

</head>
<body>
<h2 align='center'>Latitude Test</h2><table border='1' align="center">
<tr>
<td>Tests passed/Failed/Skipped:</td><td>10/1/0</td>
</tr><tr>
<td>Started on:</td><td>Tue Feb 19 14:48:13 IST 2019</td>
</tr>
<tr><td>Total time:</td><td>921 seconds (921055 ms)</td>
</tr><tr>
<td>Included groups:</td><td></td>
</tr><tr>
<td>Excluded groups:</td><td></td>
</tr>
</table><p/>
<small><i>(Hover the method name to see the test class name)</i></small><p/>
<table width='100%' border='1' class='invocation-failed'>
<tr><td colspan='4' align='center'><b>FAILED TESTS</b></td></tr>
<tr><td><b>Test method</b></td>
<td width="30%"><b>Exception</b></td>
<td width="10%"><b>Time (seconds)</b></td>
<td><b>Instance</b></td>
</tr>
<tr>
<td title='qa.TestCases.AddPositionPageTest.clickOnAddPosition()'><b>clickOnAddPosition</b><br>Test class: qa.TestCases.AddPositionPageTest</td>
<td><div><pre>org.testng.internal.reflect.MethodMatcherException: 
Data provider mismatch
Method: clickOnAddPosition([Parameter{index=0, type=java.lang.String, declaredAnnotations=[]}, Parameter{index=1, type=java.lang.String, declaredAnnotations=[]}, Parameter{index=2, type=java.lang.String, declaredAnnotations=[]}, Parameter{index=3, type=java.lang.String, declaredAnnotations=[]}, Parameter{index=4, type=java.lang.String, declaredAnnotations=[]}])
Arguments: [(java.lang.String)CI055,(java.lang.String)Course,(java.lang.String)Course Instructor]
... Removed 20 stack frames</pre></div><a href='#' onClick='toggleBox("stack-trace735228558", this, "Click to show all stack frames", "Click to hide stack frames")'>Click to show all stack frames</a>
<div class='stack-trace' id='stack-trace735228558'><pre>org.testng.internal.reflect.MethodMatcherException: 
Data provider mismatch
Method: clickOnAddPosition([Parameter{index=0, type=java.lang.String, declaredAnnotations=[]}, Parameter{index=1, type=java.lang.String, declaredAnnotations=[]}, Parameter{index=2, type=java.lang.String, declaredAnnotations=[]}, Parameter{index=3, type=java.lang.String, declaredAnnotations=[]}, Parameter{index=4, type=java.lang.String, declaredAnnotations=[]}])
Arguments: [(java.lang.String)CI055,(java.lang.String)Course,(java.lang.String)Course Instructor]
	at org.testng.internal.reflect.DataProviderMethodMatcher.getConformingArguments(DataProviderMethodMatcher.java:49)
	at org.testng.internal.Invoker.injectParameters(Invoker.java:1293)
	at org.testng.internal.Invoker.invokeTestMethods(Invoker.java:1187)
	at org.testng.internal.TestMethodWorker.invokeTestMethods(TestMethodWorker.java:126)
	at org.testng.internal.TestMethodWorker.run(TestMethodWorker.java:109)
	at org.testng.TestRunner.privateRun(TestRunner.java:744)
	at org.testng.TestRunner.run(TestRunner.java:602)
	at org.testng.SuiteRunner.runTest(SuiteRunner.java:380)
	at org.testng.SuiteRunner.runSequentially(SuiteRunner.java:375)
	at org.testng.SuiteRunner.privateRun(SuiteRunner.java:340)
	at org.testng.SuiteRunner.run(SuiteRunner.java:289)
	at org.testng.SuiteRunnerWorker.runSuite(SuiteRunnerWorker.java:52)
	at org.testng.SuiteRunnerWorker.run(SuiteRunnerWorker.java:86)
	at org.testng.TestNG.runSuitesSequentially(TestNG.java:1301)
	at org.testng.TestNG.runSuitesLocally(TestNG.java:1226)
	at org.testng.TestNG.runSuites(TestNG.java:1144)
	at org.testng.TestNG.run(TestNG.java:1115)
	at org.testng.remote.AbstractRemoteTestNG.run(AbstractRemoteTestNG.java:114)
	at org.testng.remote.RemoteTestNG.initAndRun(RemoteTestNG.java:251)
	at org.testng.remote.RemoteTestNG.main(RemoteTestNG.java:77)
</pre></div></td>
<td>1</td>
<td>qa.TestCases.AddPositionPageTest@5b275dab</td></tr>
</table><p>
<table width='100%' border='1' class='invocation-passed'>
<tr><td colspan='4' align='center'><b>PASSED TESTS</b></td></tr>
<tr><td><b>Test method</b></td>
<td width="30%"><b>Exception</b></td>
<td width="10%"><b>Time (seconds)</b></td>
<td><b>Instance</b></td>
</tr>
<tr>
<td title='qa.TestCases.AdministrationPageTest.clickOnAddCourse()'><b>clickOnAddCourse</b><br>Test class: qa.TestCases.AdministrationPageTest<br>Parameters: S005, System Software, 10.0, System software , IT people, 2.0, NXT Shared Major, eLearning</td>
<td></td>
<td>133</td>
<td>qa.TestCases.AdministrationPageTest@d8355a8</td></tr>
<tr>
<td title='qa.TestCases.SearchCoursePageTest.clickOnAddCourse()'><b>clickOnAddCourse</b><br>Test class: qa.TestCases.SearchCoursePageTest<br>Parameters: CSE, MN01, NXT Business Unit, NXT Shared Major, eLearning</td>
<td></td>
<td>65</td>
<td>qa.TestCases.SearchCoursePageTest@59fa1d9b</td></tr>
<tr>
<td title='qa.TestCases.MajorPageTest.clickOnAddMajor()'><b>clickOnAddMajor</b><br>Test class: qa.TestCases.MajorPageTest<br>Parameters: M005, System Design Part-2, major details</td>
<td></td>
<td>91</td>
<td>qa.TestCases.MajorPageTest@28d25987</td></tr>
<tr>
<td title='qa.TestCases.AddUsersPageTest.clickOnAddUser()'><b>clickOnAddUser</b><br>Test class: qa.TestCases.AddUsersPageTest<br>Parameters: 9999.0, Uz, nsht, uzdodo@gmail.com, Minds123, Minds123, 9.87654321E9, 4th street, Gangnam, KOREA, Gangvon, 98765.0</td>
<td></td>
<td>115</td>
<td>qa.TestCases.AddUsersPageTest@4501b7af</td></tr>
<tr>
<td title='qa.TestCases.HomePageTest.clickOnAdministratorLink()'><b>clickOnAdministratorLink</b><br>Test class: qa.TestCases.HomePageTest</td>
<td></td>
<td>9</td>
<td>qa.TestCases.HomePageTest@46d56d67</td></tr>
<tr>
<td title='qa.TestCases.SearchPositionPageTest.clickOnSearchPosition()'><b>clickOnSearchPosition</b><br>Test class: qa.TestCases.SearchPositionPageTest<br>Parameters: Course, CI07, Course Instructor</td>
<td></td>
<td>79</td>
<td>qa.TestCases.SearchPositionPageTest@61832929</td></tr>
<tr>
<td title='qa.TestCases.SearchUserPageTest.clickOnUser()'><b>clickOnUser</b><br>Test class: qa.TestCases.SearchUserPageTest</td>
<td></td>
<td>96</td>
<td>qa.TestCases.SearchUserPageTest@523884b2</td></tr>
<tr>
<td title='qa.TestCases.LoginPageTest.latitudeLMSImageTest()'><b>latitudeLMSImageTest</b><br>Test class: qa.TestCases.LoginPageTest</td>
<td></td>
<td>0</td>
<td>qa.TestCases.LoginPageTest@14acaea5</td></tr>
<tr>
<td title='qa.TestCases.LoginPageTest.loginPageTitleTest()'><b>loginPageTitleTest</b><br>Test class: qa.TestCases.LoginPageTest</td>
<td></td>
<td>0</td>
<td>qa.TestCases.LoginPageTest@14acaea5</td></tr>
<tr>
<td title='qa.TestCases.LoginPageTest.loginTest()'><b>loginTest</b><br>Test class: qa.TestCases.LoginPageTest</td>
<td></td>
<td>12</td>
<td>qa.TestCases.LoginPageTest@14acaea5</td></tr>
</table><p>
</body>
</html>